<?xml version="1.0" encoding="UTF-8"?>
<coverage generated="1531067225808" clover="3.2.0">
  <project timestamp="1531067225808" name="All files">
    <metrics statements="58" coveredstatements="51" conditionals="21" coveredconditionals="13" methods="16" coveredmethods="11" elements="95" coveredelements="75" complexity="0" loc="58" ncloc="58" packages="5" files="8" classes="8">
      <package name="actions">
        <metrics statements="12" coveredstatements="12" conditionals="0" coveredconditionals="0" methods="8" coveredmethods="4"/>
        <file name="tokenActions.js" path="/home/shan/Repos/Bassa-mobile/app/actions/tokenActions.js">
          <metrics statements="2" coveredstatements="2" conditionals="0" coveredconditionals="0" methods="1" coveredmethods="1"/>
          <line num="3" count="1" type="stmt"/>
          <line num="4" count="1" type="stmt"/>
        </file>
        <file name="types.js" path="/home/shan/Repos/Bassa-mobile/app/actions/types.js">
          <metrics statements="3" coveredstatements="3" conditionals="0" coveredconditionals="0" methods="0" coveredmethods="0"/>
          <line num="1" count="4" type="stmt"/>
          <line num="10" count="4" type="stmt"/>
          <line num="20" count="4" type="stmt"/>
        </file>
        <file name="userActions.js" path="/home/shan/Repos/Bassa-mobile/app/actions/userActions.js">
          <metrics statements="7" coveredstatements="7" conditionals="0" coveredconditionals="0" methods="7" coveredmethods="3"/>
          <line num="3" count="1" type="stmt"/>
          <line num="8" count="1" type="stmt"/>
          <line num="15" count="1" type="stmt"/>
          <line num="19" count="1" type="stmt"/>
          <line num="24" count="1" type="stmt"/>
          <line num="29" count="1" type="stmt"/>
          <line num="34" count="1" type="stmt"/>
        </file>
      </package>
      <package name="components">
        <metrics statements="15" coveredstatements="12" conditionals="4" coveredconditionals="1" methods="2" coveredmethods="2"/>
        <file name="LoadingIndicator.js" path="/home/shan/Repos/Bassa-mobile/app/components/LoadingIndicator.js">
          <metrics statements="15" coveredstatements="12" conditionals="4" coveredconditionals="1" methods="2" coveredmethods="2"/>
          <line num="12" count="1" type="stmt"/>
          <line num="14" count="1" type="stmt"/>
          <line num="15" count="1" type="stmt"/>
          <line num="16" count="1" type="stmt"/>
          <line num="18" count="1" type="stmt"/>
          <line num="19" count="1" type="cond" truecount="1" falsecount="3"/>
          <line num="21" count="0" type="stmt"/>
          <line num="23" count="0" type="stmt"/>
          <line num="25" count="0" type="stmt"/>
          <line num="27" count="1" type="stmt"/>
          <line num="31" count="1" type="stmt"/>
          <line num="34" count="1" type="stmt"/>
          <line num="48" count="1" type="stmt"/>
          <line num="58" count="1" type="stmt"/>
          <line num="70" count="1" type="stmt"/>
        </file>
      </package>
      <package name="helpers">
        <metrics statements="17" coveredstatements="16" conditionals="5" coveredconditionals="4" methods="4" coveredmethods="3"/>
        <file name="utils.js" path="/home/shan/Repos/Bassa-mobile/app/helpers/utils.js">
          <metrics statements="17" coveredstatements="16" conditionals="5" coveredconditionals="4" methods="4" coveredmethods="3"/>
          <line num="5" count="1" type="cond" truecount="0" falsecount="1"/>
          <line num="6" count="1" type="stmt"/>
          <line num="8" count="2" type="stmt"/>
          <line num="9" count="1" type="stmt"/>
          <line num="11" count="1" type="stmt"/>
          <line num="14" count="1" type="stmt"/>
          <line num="15" count="4" type="cond" truecount="2" falsecount="0"/>
          <line num="16" count="1" type="stmt"/>
          <line num="18" count="3" type="cond" truecount="2" falsecount="0"/>
          <line num="19" count="1" type="stmt"/>
          <line num="21" count="2" type="stmt"/>
          <line num="22" count="2" type="stmt"/>
          <line num="23" count="2" type="stmt"/>
          <line num="24" count="2" type="stmt"/>
          <line num="26" count="2" type="stmt"/>
          <line num="29" count="1" type="stmt"/>
          <line num="30" count="0" type="stmt"/>
        </file>
      </package>
      <package name="reducers">
        <metrics statements="12" coveredstatements="9" conditionals="12" coveredconditionals="8" methods="2" coveredmethods="2"/>
        <file name="appReducer.js" path="/home/shan/Repos/Bassa-mobile/app/reducers/appReducer.js">
          <metrics statements="7" coveredstatements="4" conditionals="6" coveredconditionals="3" methods="1" coveredmethods="1"/>
          <line num="5" count="1" type="stmt"/>
          <line num="11" count="2" type="cond" truecount="2" falsecount="3"/>
          <line num="13" count="1" type="stmt"/>
          <line num="15" count="0" type="stmt"/>
          <line num="17" count="0" type="stmt"/>
          <line num="19" count="0" type="stmt"/>
          <line num="21" count="1" type="stmt"/>
        </file>
        <file name="userReducer.js" path="/home/shan/Repos/Bassa-mobile/app/reducers/userReducer.js">
          <metrics statements="5" coveredstatements="5" conditionals="6" coveredconditionals="5" methods="1" coveredmethods="1"/>
          <line num="4" count="1" type="stmt"/>
          <line num="13" count="3" type="cond" truecount="3" falsecount="0"/>
          <line num="15" count="1" type="stmt"/>
          <line num="17" count="1" type="stmt"/>
          <line num="27" count="1" type="stmt"/>
        </file>
      </package>
      <package name="styles">
        <metrics statements="2" coveredstatements="2" conditionals="0" coveredconditionals="0" methods="0" coveredmethods="0"/>
        <file name="index.js" path="/home/shan/Repos/Bassa-mobile/app/styles/index.js">
          <metrics statements="2" coveredstatements="2" conditionals="0" coveredconditionals="0" methods="0" coveredmethods="0"/>
          <line num="3" count="1" type="stmt"/>
          <line num="14" count="1" type="stmt"/>
        </file>
      </package>
    </metrics>
  </project>
</coverage>
