{"/home/shan/Repos/Bassa-mobile/app/actions/tokenActions.js": {"path":"/home/shan/Repos/Bassa-mobile/app/actions/tokenActions.js","statementMap":{"0":{"start":{"line":3,"column":32},"end":{"line":8,"column":1}},"1":{"start":{"line":4,"column":4},"end":{"line":7,"column":6}}},"fnMap":{"0":{"name":"(anonymous_0)","decl":{"start":{"line":3,"column":32},"end":{"line":3,"column":33}},"loc":{"start":{"line":3,"column":43},"end":{"line":8,"column":1}},"line":3}},"branchMap":{},"s":{"0":1,"1":1},"f":{"0":1},"b":{},"_coverageSchema":"332fd63041d2c1bcb487cc26dd0d5f7d97098a6c","hash":"475985c2215ac070d72155d4a2222e476ecb4717"}
,"/home/shan/Repos/Bassa-mobile/app/actions/types.js": {"path":"/home/shan/Repos/Bassa-mobile/app/actions/types.js","statementMap":{"0":{"start":{"line":1,"column":26},"end":{"line":8,"column":1}},"1":{"start":{"line":10,"column":27},"end":{"line":18,"column":1}},"2":{"start":{"line":20,"column":28},"end":{"line":22,"column":1}}},"fnMap":{},"branchMap":{},"s":{"0":4,"1":4,"2":4},"f":{},"b":{},"_coverageSchema":"332fd63041d2c1bcb487cc26dd0d5f7d97098a6c","hash":"0e706bd09fd6353570d64b8727575782c9134d44"}
,"/home/shan/Repos/Bassa-mobile/app/actions/userActions.js": {"path":"/home/shan/Repos/Bassa-mobile/app/actions/userActions.js","statementMap":{"0":{"start":{"line":3,"column":22},"end":{"line":6,"column":2}},"1":{"start":{"line":3,"column":47},"end":{"line":6,"column":1}},"2":{"start":{"line":8,"column":22},"end":{"line":13,"column":2}},"3":{"start":{"line":8,"column":71},"end":{"line":13,"column":1}},"4":{"start":{"line":15,"column":23},"end":{"line":17,"column":2}},"5":{"start":{"line":15,"column":30},"end":{"line":17,"column":1}},"6":{"start":{"line":19,"column":33},"end":{"line":22,"column":2}},"7":{"start":{"line":19,"column":45},"end":{"line":22,"column":1}},"8":{"start":{"line":24,"column":33},"end":{"line":27,"column":2}},"9":{"start":{"line":24,"column":46},"end":{"line":27,"column":1}},"10":{"start":{"line":29,"column":35},"end":{"line":32,"column":2}},"11":{"start":{"line":29,"column":47},"end":{"line":32,"column":1}},"12":{"start":{"line":34,"column":35},"end":{"line":37,"column":2}},"13":{"start":{"line":34,"column":48},"end":{"line":37,"column":1}}},"fnMap":{"0":{"name":"(anonymous_0)","decl":{"start":{"line":3,"column":22},"end":{"line":3,"column":23}},"loc":{"start":{"line":3,"column":47},"end":{"line":6,"column":1}},"line":3},"1":{"name":"(anonymous_1)","decl":{"start":{"line":8,"column":22},"end":{"line":8,"column":23}},"loc":{"start":{"line":8,"column":71},"end":{"line":13,"column":1}},"line":8},"2":{"name":"(anonymous_2)","decl":{"start":{"line":15,"column":23},"end":{"line":15,"column":24}},"loc":{"start":{"line":15,"column":30},"end":{"line":17,"column":1}},"line":15},"3":{"name":"(anonymous_3)","decl":{"start":{"line":19,"column":33},"end":{"line":19,"column":34}},"loc":{"start":{"line":19,"column":45},"end":{"line":22,"column":1}},"line":19},"4":{"name":"(anonymous_4)","decl":{"start":{"line":24,"column":33},"end":{"line":24,"column":34}},"loc":{"start":{"line":24,"column":46},"end":{"line":27,"column":1}},"line":24},"5":{"name":"(anonymous_5)","decl":{"start":{"line":29,"column":35},"end":{"line":29,"column":36}},"loc":{"start":{"line":29,"column":47},"end":{"line":32,"column":1}},"line":29},"6":{"name":"(anonymous_6)","decl":{"start":{"line":34,"column":35},"end":{"line":34,"column":36}},"loc":{"start":{"line":34,"column":48},"end":{"line":37,"column":1}},"line":34}},"branchMap":{},"s":{"0":1,"1":1,"2":1,"3":1,"4":1,"5":0,"6":1,"7":1,"8":1,"9":0,"10":1,"11":0,"12":1,"13":0},"f":{"0":1,"1":1,"2":0,"3":1,"4":0,"5":0,"6":0},"b":{},"_coverageSchema":"332fd63041d2c1bcb487cc26dd0d5f7d97098a6c","hash":"efb7a2dacb3e4ee9eafceab8498341a09401d833"}
,"/home/shan/Repos/Bassa-mobile/app/components/LoadingIndicator.js": {"path":"/home/shan/Repos/Bassa-mobile/app/components/LoadingIndicator.js","statementMap":{"0":{"start":{"line":12,"column":23},"end":{"line":12,"column":54}},"1":{"start":{"line":14,"column":19},"end":{"line":14,"column":36}},"2":{"start":{"line":15,"column":21},"end":{"line":15,"column":38}},"3":{"start":{"line":16,"column":30},"end":{"line":16,"column":40}},"4":{"start":{"line":18,"column":21},"end":{"line":29,"column":1}},"5":{"start":{"line":19,"column":2},"end":{"line":28,"column":3}},"6":{"start":{"line":21,"column":6},"end":{"line":21,"column":26}},"7":{"start":{"line":23,"column":6},"end":{"line":23,"column":34}},"8":{"start":{"line":25,"column":6},"end":{"line":25,"column":23}},"9":{"start":{"line":27,"column":6},"end":{"line":27,"column":24}},"10":{"start":{"line":31,"column":25},"end":{"line":46,"column":1}},"11":{"start":{"line":34,"column":4},"end":{"line":45,"column":11}},"12":{"start":{"line":48,"column":0},"end":{"line":56,"column":2}},"13":{"start":{"line":58,"column":0},"end":{"line":66,"column":2}},"14":{"start":{"line":70,"column":15},"end":{"line":75,"column":2}}},"fnMap":{"0":{"name":"(anonymous_0)","decl":{"start":{"line":18,"column":21},"end":{"line":18,"column":22}},"loc":{"start":{"line":18,"column":46},"end":{"line":29,"column":1}},"line":18},"1":{"name":"(anonymous_1)","decl":{"start":{"line":31,"column":25},"end":{"line":31,"column":26}},"loc":{"start":{"line":34,"column":4},"end":{"line":45,"column":11}},"line":34}},"branchMap":{"0":{"loc":{"start":{"line":19,"column":2},"end":{"line":28,"column":3}},"type":"switch","locations":[{"start":{"line":20,"column":4},"end":{"line":21,"column":26}},{"start":{"line":22,"column":4},"end":{"line":23,"column":34}},{"start":{"line":24,"column":4},"end":{"line":25,"column":23}},{"start":{"line":26,"column":4},"end":{"line":27,"column":24}}],"line":19}},"s":{"0":1,"1":1,"2":1,"3":1,"4":1,"5":1,"6":0,"7":0,"8":0,"9":1,"10":1,"11":1,"12":1,"13":1,"14":1},"f":{"0":1,"1":1},"b":{"0":[0,0,0,1]},"_coverageSchema":"332fd63041d2c1bcb487cc26dd0d5f7d97098a6c","hash":"db7f91650b1a18893930a5b9168507c556714122"}
,"/home/shan/Repos/Bassa-mobile/app/helpers/utils.js": {"path":"/home/shan/Repos/Bassa-mobile/app/helpers/utils.js","statementMap":{"0":{"start":{"line":5,"column":34},"end":{"line":12,"column":1}},"1":{"start":{"line":6,"column":17},"end":{"line":6,"column":19}},"2":{"start":{"line":8,"column":2},"end":{"line":8,"column":131}},"3":{"start":{"line":8,"column":44},"end":{"line":8,"column":129}},"4":{"start":{"line":9,"column":2},"end":{"line":9,"column":32}},"5":{"start":{"line":11,"column":2},"end":{"line":11,"column":18}},"6":{"start":{"line":14,"column":27},"end":{"line":27,"column":1}},"7":{"start":{"line":15,"column":2},"end":{"line":17,"column":3}},"8":{"start":{"line":16,"column":4},"end":{"line":16,"column":16}},"9":{"start":{"line":18,"column":2},"end":{"line":20,"column":3}},"10":{"start":{"line":19,"column":4},"end":{"line":19,"column":21}},"11":{"start":{"line":21,"column":12},"end":{"line":21,"column":16}},"12":{"start":{"line":22,"column":13},"end":{"line":22,"column":14}},"13":{"start":{"line":23,"column":16},"end":{"line":23,"column":73}},"14":{"start":{"line":24,"column":12},"end":{"line":24,"column":53}},"15":{"start":{"line":26,"column":2},"end":{"line":26,"column":75}},"16":{"start":{"line":29,"column":36},"end":{"line":40,"column":1}},"17":{"start":{"line":30,"column":2},"end":{"line":39,"column":5}}},"fnMap":{"0":{"name":"(anonymous_0)","decl":{"start":{"line":5,"column":34},"end":{"line":5,"column":35}},"loc":{"start":{"line":5,"column":58},"end":{"line":12,"column":1}},"line":5},"1":{"name":"(anonymous_1)","decl":{"start":{"line":8,"column":37},"end":{"line":8,"column":38}},"loc":{"start":{"line":8,"column":44},"end":{"line":8,"column":129}},"line":8},"2":{"name":"(anonymous_2)","decl":{"start":{"line":14,"column":27},"end":{"line":14,"column":28}},"loc":{"start":{"line":14,"column":38},"end":{"line":27,"column":1}},"line":14},"3":{"name":"(anonymous_3)","decl":{"start":{"line":29,"column":36},"end":{"line":29,"column":37}},"loc":{"start":{"line":29,"column":69},"end":{"line":40,"column":1}},"line":29}},"branchMap":{"0":{"loc":{"start":{"line":5,"column":35},"end":{"line":5,"column":53}},"type":"default-arg","locations":[{"start":{"line":5,"column":51},"end":{"line":5,"column":53}}],"line":5},"1":{"loc":{"start":{"line":15,"column":2},"end":{"line":17,"column":3}},"type":"if","locations":[{"start":{"line":15,"column":2},"end":{"line":17,"column":3}},{"start":{"line":15,"column":2},"end":{"line":17,"column":3}}],"line":15},"2":{"loc":{"start":{"line":18,"column":2},"end":{"line":20,"column":3}},"type":"if","locations":[{"start":{"line":18,"column":2},"end":{"line":20,"column":3}},{"start":{"line":18,"column":2},"end":{"line":20,"column":3}}],"line":18}},"s":{"0":1,"1":1,"2":1,"3":2,"4":1,"5":1,"6":1,"7":4,"8":1,"9":3,"10":1,"11":2,"12":2,"13":2,"14":2,"15":2,"16":1,"17":0},"f":{"0":1,"1":2,"2":4,"3":0},"b":{"0":[0],"1":[1,3],"2":[1,2]},"_coverageSchema":"332fd63041d2c1bcb487cc26dd0d5f7d97098a6c","hash":"f3b8eb11291750afd5783526e5e6633d94b914d8"}
,"/home/shan/Repos/Bassa-mobile/app/reducers/appReducer.js": {"path":"/home/shan/Repos/Bassa-mobile/app/reducers/appReducer.js","statementMap":{"0":{"start":{"line":5,"column":21},"end":{"line":8,"column":1}},"1":{"start":{"line":11,"column":2},"end":{"line":22,"column":3}},"2":{"start":{"line":13,"column":6},"end":{"line":13,"column":71}},"3":{"start":{"line":15,"column":6},"end":{"line":15,"column":44}},"4":{"start":{"line":17,"column":6},"end":{"line":17,"column":43}},"5":{"start":{"line":19,"column":6},"end":{"line":19,"column":58}},"6":{"start":{"line":21,"column":6},"end":{"line":21,"column":19}}},"fnMap":{"0":{"name":"appReducer","decl":{"start":{"line":10,"column":9},"end":{"line":10,"column":19}},"loc":{"start":{"line":10,"column":50},"end":{"line":23,"column":1}},"line":10}},"branchMap":{"0":{"loc":{"start":{"line":10,"column":20},"end":{"line":10,"column":40}},"type":"default-arg","locations":[{"start":{"line":10,"column":28},"end":{"line":10,"column":40}}],"line":10},"1":{"loc":{"start":{"line":11,"column":2},"end":{"line":22,"column":3}},"type":"switch","locations":[{"start":{"line":12,"column":4},"end":{"line":13,"column":71}},{"start":{"line":14,"column":4},"end":{"line":15,"column":44}},{"start":{"line":16,"column":4},"end":{"line":17,"column":43}},{"start":{"line":18,"column":4},"end":{"line":19,"column":58}},{"start":{"line":20,"column":4},"end":{"line":21,"column":19}}],"line":11}},"s":{"0":1,"1":2,"2":1,"3":0,"4":0,"5":0,"6":1},"f":{"0":2},"b":{"0":[1],"1":[1,0,0,0,1]},"_coverageSchema":"332fd63041d2c1bcb487cc26dd0d5f7d97098a6c","hash":"fe81013a869463f0b3ccf453d1da9baaab8a9aa6"}
,"/home/shan/Repos/Bassa-mobile/app/reducers/userReducer.js": {"path":"/home/shan/Repos/Bassa-mobile/app/reducers/userReducer.js","statementMap":{"0":{"start":{"line":4,"column":21},"end":{"line":10,"column":1}},"1":{"start":{"line":13,"column":2},"end":{"line":28,"column":3}},"2":{"start":{"line":15,"column":6},"end":{"line":15,"column":43}},"3":{"start":{"line":17,"column":6},"end":{"line":25,"column":8}},"4":{"start":{"line":27,"column":6},"end":{"line":27,"column":19}}},"fnMap":{"0":{"name":"userReducer","decl":{"start":{"line":12,"column":9},"end":{"line":12,"column":20}},"loc":{"start":{"line":12,"column":51},"end":{"line":29,"column":1}},"line":12}},"branchMap":{"0":{"loc":{"start":{"line":12,"column":21},"end":{"line":12,"column":41}},"type":"default-arg","locations":[{"start":{"line":12,"column":29},"end":{"line":12,"column":41}}],"line":12},"1":{"loc":{"start":{"line":13,"column":2},"end":{"line":28,"column":3}},"type":"switch","locations":[{"start":{"line":14,"column":4},"end":{"line":15,"column":43}},{"start":{"line":16,"column":4},"end":{"line":25,"column":8}},{"start":{"line":26,"column":4},"end":{"line":27,"column":19}}],"line":13},"2":{"loc":{"start":{"line":23,"column":21},"end":{"line":23,"column":85}},"type":"cond-expr","locations":[{"start":{"line":23,"column":48},"end":{"line":23,"column":72}},{"start":{"line":23,"column":75},"end":{"line":23,"column":85}}],"line":23}},"s":{"0":1,"1":3,"2":1,"3":1,"4":1},"f":{"0":3},"b":{"0":[1],"1":[1,1,1],"2":[0,1]},"_coverageSchema":"332fd63041d2c1bcb487cc26dd0d5f7d97098a6c","hash":"0dcf067745715b9265c060c52f1551140f2b3d1a"}
,"/home/shan/Repos/Bassa-mobile/app/styles/index.js": {"path":"/home/shan/Repos/Bassa-mobile/app/styles/index.js","statementMap":{"0":{"start":{"line":3,"column":21},"end":{"line":12,"column":1}},"1":{"start":{"line":14,"column":28},"end":{"line":21,"column":2}}},"fnMap":{},"branchMap":{},"s":{"0":1,"1":1},"f":{},"b":{},"_coverageSchema":"332fd63041d2c1bcb487cc26dd0d5f7d97098a6c","hash":"f87530363be7168cadce54d24a0d6286a77f9e7c"}
}
