TN:
SF:/home/shan/Repos/Bassa-mobile/app/actions/tokenActions.js
FN:3,(anonymous_0)
FNF:1
FNH:1
FNDA:1,(anonymous_0)
DA:3,1
DA:4,1
LF:2
LH:2
BRF:0
BRH:0
end_of_record
TN:
SF:/home/shan/Repos/Bassa-mobile/app/actions/types.js
FNF:0
FNH:0
DA:1,4
DA:10,4
DA:20,4
LF:3
LH:3
BRF:0
BRH:0
end_of_record
TN:
SF:/home/shan/Repos/Bassa-mobile/app/actions/userActions.js
FN:3,(anonymous_0)
FN:8,(anonymous_1)
FN:15,(anonymous_2)
FN:19,(anonymous_3)
FN:24,(anonymous_4)
FN:29,(anonymous_5)
FN:34,(anonymous_6)
FNF:7
FNH:3
FNDA:1,(anonymous_0)
FNDA:1,(anonymous_1)
FNDA:0,(anonymous_2)
FNDA:1,(anonymous_3)
FNDA:0,(anonymous_4)
FNDA:0,(anonymous_5)
FNDA:0,(anonymous_6)
DA:3,1
DA:8,1
DA:15,1
DA:19,1
DA:24,1
DA:29,1
DA:34,1
LF:7
LH:7
BRF:0
BRH:0
end_of_record
TN:
SF:/home/shan/Repos/Bassa-mobile/app/components/LoadingIndicator.js
FN:18,(anonymous_0)
FN:31,(anonymous_1)
FNF:2
FNH:2
FNDA:1,(anonymous_0)
FNDA:1,(anonymous_1)
DA:12,1
DA:14,1
DA:15,1
DA:16,1
DA:18,1
DA:19,1
DA:21,0
DA:23,0
DA:25,0
DA:27,1
DA:31,1
DA:34,1
DA:48,1
DA:58,1
DA:70,1
LF:15
LH:12
BRDA:19,0,0,0
BRDA:19,0,1,0
BRDA:19,0,2,0
BRDA:19,0,3,1
BRF:4
BRH:1
end_of_record
TN:
SF:/home/shan/Repos/Bassa-mobile/app/helpers/utils.js
FN:5,(anonymous_0)
FN:8,(anonymous_1)
FN:14,(anonymous_2)
FN:29,(anonymous_3)
FNF:4
FNH:3
FNDA:1,(anonymous_0)
FNDA:2,(anonymous_1)
FNDA:4,(anonymous_2)
FNDA:0,(anonymous_3)
DA:5,1
DA:6,1
DA:8,2
DA:9,1
DA:11,1
DA:14,1
DA:15,4
DA:16,1
DA:18,3
DA:19,1
DA:21,2
DA:22,2
DA:23,2
DA:24,2
DA:26,2
DA:29,1
DA:30,0
LF:17
LH:16
BRDA:5,0,0,0
BRDA:15,1,0,1
BRDA:15,1,1,3
BRDA:18,2,0,1
BRDA:18,2,1,2
BRF:5
BRH:4
end_of_record
TN:
SF:/home/shan/Repos/Bassa-mobile/app/reducers/appReducer.js
FN:10,appReducer
FNF:1
FNH:1
FNDA:2,appReducer
DA:5,1
DA:11,2
DA:13,1
DA:15,0
DA:17,0
DA:19,0
DA:21,1
LF:7
LH:4
BRDA:10,0,0,1
BRDA:11,1,0,1
BRDA:11,1,1,0
BRDA:11,1,2,0
BRDA:11,1,3,0
BRDA:11,1,4,1
BRF:6
BRH:3
end_of_record
TN:
SF:/home/shan/Repos/Bassa-mobile/app/reducers/userReducer.js
FN:12,userReducer
FNF:1
FNH:1
FNDA:3,userReducer
DA:4,1
DA:13,3
DA:15,1
DA:17,1
DA:27,1
LF:5
LH:5
BRDA:12,0,0,1
BRDA:13,1,0,1
BRDA:13,1,1,1
BRDA:13,1,2,1
BRDA:23,2,0,0
BRDA:23,2,1,1
BRF:6
BRH:5
end_of_record
TN:
SF:/home/shan/Repos/Bassa-mobile/app/styles/index.js
FNF:0
FNH:0
DA:3,1
DA:14,1
LF:2
LH:2
BRF:0
BRH:0
end_of_record
